<?xml version="1.0" encoding="UTF-8"?>
<!-- Generated by org.testng.reporters.JUnitReportReporter -->
<testsuite hostname="Nikhil" failures="0" tests="2" name="testcase.StandAloneTest" time="15.257" errors="0" timestamp="2023-05-31T18:49:34 IST" skipped="0">
  <testcase classname="testcase.StandAloneTest" name="display" time="7.566"/>
  <system-out/>
  <testcase classname="testcase.StandAloneTest" name="display" time="7.691"/>
  <system-out/>
</testsuite> <!-- testcase.StandAloneTest -->
