<?xml version="1.0" encoding="UTF-8"?>
<!-- Generated by org.testng.reporters.JUnitReportReporter -->
<testsuite hostname="Nikhil" failures="0" tests="2" name="testcase.StandAloneTest" time="13.534" errors="0" timestamp="2023-05-31T18:15:39 IST" skipped="0">
  <testcase classname="testcase.StandAloneTest" name="display" time="7.131"/>
  <system-out/>
  <testcase classname="testcase.StandAloneTest" name="display" time="6.403"/>
  <system-out/>
</testsuite> <!-- testcase.StandAloneTest -->
