<?xml version="1.0" encoding="UTF-8"?>
<!-- Generated by org.testng.reporters.JUnitReportReporter -->
<testsuite hostname="Nikhil" failures="0" tests="1" name="testcase.WrongCredentials" time="4.105" errors="0" timestamp="2023-05-31T18:15:39 IST" skipped="0">
  <testcase classname="testcase.WrongCredentials" name="loginWithIncorrectCredentials" time="4.105"/>
  <system-out/>
</testsuite> <!-- testcase.WrongCredentials -->
